<?xml version="1.0" encoding="UTF-8"?>
<!-- Generated by org.testng.reporters.JUnitReportReporter -->
<testsuite skipped="0" hostname="BDC7-L-240M6C2" name="com.crm.qa.testcases.ContactsPageTest" tests="1" failures="0" timestamp="06 Jan 2019 13:46:16 GMT" time="45.830" errors="0">
  <testcase name="verifyContactsPageLabel" time="45.830" classname="com.crm.qa.testcases.ContactsPageTest"/>
</testsuite> <!-- com.crm.qa.testcases.ContactsPageTest -->
