<?xml version="1.0" encoding="UTF-8"?>
<!-- Generated by org.testng.reporters.JUnitReportReporter -->
<testsuite skipped="0" hostname="BDC7-L-240M6C2" name="com.crm.qa.testcases.HomePageTest" tests="3" failures="0" timestamp="06 Jan 2019 07:20:44 GMT" time="74.788" errors="0">
  <testcase name="verifyHomePageTitleTest" time="26.894" classname="com.crm.qa.testcases.HomePageTest"/>
  <testcase name="verifyUserNameTest" time="21.985" classname="com.crm.qa.testcases.HomePageTest"/>
  <testcase name="verifyContactsLinkTest" time="25.909" classname="com.crm.qa.testcases.HomePageTest"/>
</testsuite> <!-- com.crm.qa.testcases.HomePageTest -->
