<?xml version="1.0" encoding="UTF-8"?>
<!-- Generated by org.testng.reporters.JUnitReportReporter -->
<testsuite skipped="0" hostname="BDC7-L-240M6C2" name="com.crm.qa.testcases.LoginPageTest" tests="3" failures="0" timestamp="06 Jan 2019 07:20:44 GMT" time="61.310" errors="0">
  <testcase name="loginPageTitleTest" time="24.877" classname="com.crm.qa.testcases.LoginPageTest"/>
  <testcase name="crmLogoImageTest" time="15.252" classname="com.crm.qa.testcases.LoginPageTest"/>
  <testcase name="loginTest" time="21.181" classname="com.crm.qa.testcases.LoginPageTest"/>
</testsuite> <!-- com.crm.qa.testcases.LoginPageTest -->
